[debug] [2019-10-10T12:48:16.972Z] ----------------------------------------------------------------------
[debug] [2019-10-10T12:48:16.974Z] Command:       C:\Program Files\nodejs\node.exe C:\Users\melake\AppData\Roaming\npm\node_modules\firebase-tools\lib\bin\firebase.js deploy
[debug] [2019-10-10T12:48:16.974Z] CLI Version:   7.5.0
[debug] [2019-10-10T12:48:16.974Z] Platform:      win32
[debug] [2019-10-10T12:48:16.974Z] Node Version:  v10.15.3
[debug] [2019-10-10T12:48:16.975Z] Time:          Thu Oct 10 2019 15:48:16 GMT+0300 (East Africa Time)
[debug] [2019-10-10T12:48:16.975Z] ----------------------------------------------------------------------
[debug] 
[debug] [2019-10-10T12:48:16.982Z] > command requires scopes: ["email","openid","https://www.googleapis.com/auth/cloudplatformprojects.readonly","https://www.googleapis.com/auth/firebase","https://www.googleapis.com/auth/cloud-platform"]
[debug] [2019-10-10T12:48:16.983Z] > authorizing via signed-in user
[debug] [2019-10-10T12:48:16.983Z] [iam] checking project gdg-addis-platform for permissions ["firebase.projects.get","firebasehosting.sites.update"]
[debug] [2019-10-10T12:48:16.984Z] >>> HTTP REQUEST POST https://cloudresourcemanager.googleapis.com/v1/projects/gdg-addis-platform:testIamPermissions  

[debug] [2019-10-10T12:48:18.927Z] Error: connect ECONNREFUSED 216.58.210.74:443
    at TCPConnectWrap.afterConnect [as oncomplete] (net.js:1097:14)
[error] 
[error] Error: Server Error. connect ECONNREFUSED 216.58.210.74:443
[debug] [2019-10-10T12:48:23.140Z] ----------------------------------------------------------------------
[debug] [2019-10-10T12:48:23.142Z] Command:       C:\Program Files\nodejs\node.exe C:\Users\melake\AppData\Roaming\npm\node_modules\firebase-tools\lib\bin\firebase.js deploy
[debug] [2019-10-10T12:48:23.142Z] CLI Version:   7.5.0
[debug] [2019-10-10T12:48:23.142Z] Platform:      win32
[debug] [2019-10-10T12:48:23.142Z] Node Version:  v10.15.3
[debug] [2019-10-10T12:48:23.143Z] Time:          Thu Oct 10 2019 15:48:23 GMT+0300 (East Africa Time)
[debug] [2019-10-10T12:48:23.143Z] ----------------------------------------------------------------------
[debug] 
[debug] [2019-10-10T12:48:23.148Z] > command requires scopes: ["email","openid","https://www.googleapis.com/auth/cloudplatformprojects.readonly","https://www.googleapis.com/auth/firebase","https://www.googleapis.com/auth/cloud-platform"]
[debug] [2019-10-10T12:48:23.149Z] > authorizing via signed-in user
[debug] [2019-10-10T12:48:23.149Z] [iam] checking project gdg-addis-platform for permissions ["firebase.projects.get","firebasehosting.sites.update"]
[debug] [2019-10-10T12:48:23.150Z] >>> HTTP REQUEST POST https://cloudresourcemanager.googleapis.com/v1/projects/gdg-addis-platform:testIamPermissions  

[debug] [2019-10-10T12:48:25.510Z] <<< HTTP RESPONSE 200
[debug] [2019-10-10T12:48:25.512Z] >>> HTTP REQUEST GET https://firebase.googleapis.com/v1beta1/projects/gdg-addis-platform  
 
[debug] [2019-10-10T12:48:26.450Z] <<< HTTP RESPONSE 200
[info] 
[info] === Deploying to 'gdg-addis-platform'...
[info] 
[info] i  deploying hosting
[debug] [2019-10-10T12:48:26.455Z] >>> HTTP REQUEST POST https://firebasehosting.googleapis.com/v1beta1/sites/gdg-addis-platform/versions  

[debug] [2019-10-10T12:48:28.768Z] Error: connect ECONNREFUSED 172.217.18.138:443
    at TCPConnectWrap.afterConnect [as oncomplete] (net.js:1097:14)
[error] 
[error] Error: Server Error. connect ECONNREFUSED 172.217.18.138:443
[debug] [2019-10-10T12:48:38.899Z] ----------------------------------------------------------------------
[debug] [2019-10-10T12:48:38.901Z] Command:       C:\Program Files\nodejs\node.exe C:\Users\melake\AppData\Roaming\npm\node_modules\firebase-tools\lib\bin\firebase.js deploy
[debug] [2019-10-10T12:48:38.901Z] CLI Version:   7.5.0
[debug] [2019-10-10T12:48:38.901Z] Platform:      win32
[debug] [2019-10-10T12:48:38.902Z] Node Version:  v10.15.3
[debug] [2019-10-10T12:48:38.902Z] Time:          Thu Oct 10 2019 15:48:38 GMT+0300 (East Africa Time)
[debug] [2019-10-10T12:48:38.902Z] ----------------------------------------------------------------------
[debug] 
[debug] [2019-10-10T12:48:38.907Z] > command requires scopes: ["email","openid","https://www.googleapis.com/auth/cloudplatformprojects.readonly","https://www.googleapis.com/auth/firebase","https://www.googleapis.com/auth/cloud-platform"]
[debug] [2019-10-10T12:48:38.908Z] > authorizing via signed-in user
[debug] [2019-10-10T12:48:38.908Z] [iam] checking project gdg-addis-platform for permissions ["firebase.projects.get","firebasehosting.sites.update"]
[debug] [2019-10-10T12:48:38.909Z] >>> HTTP REQUEST POST https://cloudresourcemanager.googleapis.com/v1/projects/gdg-addis-platform:testIamPermissions  

[debug] [2019-10-10T12:48:41.075Z] Error: connect ECONNREFUSED 216.58.210.74:443
    at TCPConnectWrap.afterConnect [as oncomplete] (net.js:1097:14)
[error] 
[error] Error: Server Error. connect ECONNREFUSED 216.58.210.74:443
[debug] [2019-10-10T12:48:44.159Z] ----------------------------------------------------------------------
[debug] [2019-10-10T12:48:44.161Z] Command:       C:\Program Files\nodejs\node.exe C:\Users\melake\AppData\Roaming\npm\node_modules\firebase-tools\lib\bin\firebase.js deploy
[debug] [2019-10-10T12:48:44.161Z] CLI Version:   7.5.0
[debug] [2019-10-10T12:48:44.161Z] Platform:      win32
[debug] [2019-10-10T12:48:44.161Z] Node Version:  v10.15.3
[debug] [2019-10-10T12:48:44.162Z] Time:          Thu Oct 10 2019 15:48:44 GMT+0300 (East Africa Time)
[debug] [2019-10-10T12:48:44.162Z] ----------------------------------------------------------------------
[debug] 
[debug] [2019-10-10T12:48:44.167Z] > command requires scopes: ["email","openid","https://www.googleapis.com/auth/cloudplatformprojects.readonly","https://www.googleapis.com/auth/firebase","https://www.googleapis.com/auth/cloud-platform"]
[debug] [2019-10-10T12:48:44.167Z] > authorizing via signed-in user
[debug] [2019-10-10T12:48:44.167Z] [iam] checking project gdg-addis-platform for permissions ["firebase.projects.get","firebasehosting.sites.update"]
[debug] [2019-10-10T12:48:44.168Z] >>> HTTP REQUEST POST https://cloudresourcemanager.googleapis.com/v1/projects/gdg-addis-platform:testIamPermissions  

[debug] [2019-10-10T12:48:46.112Z] <<< HTTP RESPONSE 200
[debug] [2019-10-10T12:48:46.114Z] >>> HTTP REQUEST GET https://firebase.googleapis.com/v1beta1/projects/gdg-addis-platform  
 
[debug] [2019-10-10T12:48:47.118Z] Server Error. connect ECONNREFUSED 172.217.18.138:443
[debug] [2019-10-10T12:48:48.134Z] FirebaseError: Server Error. connect ECONNREFUSED 172.217.18.138:443
    at Request._callback (C:\Users\melake\AppData\Roaming\npm\node_modules\firebase-tools\lib\api.js:30:31)
    at self.callback (C:\Users\melake\AppData\Roaming\npm\node_modules\firebase-tools\node_modules\request\request.js:185:22)
    at Request.emit (events.js:189:13)
    at Request.EventEmitter.emit (domain.js:441:20)
    at Request.onRequestError (C:\Users\melake\AppData\Roaming\npm\node_modules\firebase-tools\node_modules\request\request.js:881:8)
    at ClientRequest.emit (events.js:194:15)
    at ClientRequest.EventEmitter.emit (domain.js:441:20)
    at TLSSocket.socketErrorListener (_http_client.js:392:9)
    at TLSSocket.emit (events.js:189:13)
    at TLSSocket.EventEmitter.emit (domain.js:441:20)
[error] 
[error] Error: Failed to get Firebase project gdg-addis-platform. Please make sure the project exists and your account has permission to access it.
[debug] [2019-10-10T12:48:54.255Z] ----------------------------------------------------------------------
[debug] [2019-10-10T12:48:54.257Z] Command:       C:\Program Files\nodejs\node.exe C:\Users\melake\AppData\Roaming\npm\node_modules\firebase-tools\lib\bin\firebase.js deploy
[debug] [2019-10-10T12:48:54.257Z] CLI Version:   7.5.0
[debug] [2019-10-10T12:48:54.257Z] Platform:      win32
[debug] [2019-10-10T12:48:54.257Z] Node Version:  v10.15.3
[debug] [2019-10-10T12:48:54.258Z] Time:          Thu Oct 10 2019 15:48:54 GMT+0300 (East Africa Time)
[debug] [2019-10-10T12:48:54.258Z] ----------------------------------------------------------------------
[debug] 
[debug] [2019-10-10T12:48:54.264Z] > command requires scopes: ["email","openid","https://www.googleapis.com/auth/cloudplatformprojects.readonly","https://www.googleapis.com/auth/firebase","https://www.googleapis.com/auth/cloud-platform"]
[debug] [2019-10-10T12:48:54.264Z] > authorizing via signed-in user
[debug] [2019-10-10T12:48:54.264Z] [iam] checking project gdg-addis-platform for permissions ["firebase.projects.get","firebasehosting.sites.update"]
[debug] [2019-10-10T12:48:54.265Z] >>> HTTP REQUEST POST https://cloudresourcemanager.googleapis.com/v1/projects/gdg-addis-platform:testIamPermissions  

[debug] [2019-10-10T12:48:56.402Z] Error: connect ECONNREFUSED 216.58.210.74:443
    at TCPConnectWrap.afterConnect [as oncomplete] (net.js:1097:14)
[error] 
[error] Error: Server Error. connect ECONNREFUSED 216.58.210.74:443
[debug] [2019-10-10T12:49:27.627Z] ----------------------------------------------------------------------
[debug] [2019-10-10T12:49:27.629Z] Command:       C:\Program Files\nodejs\node.exe C:\Users\melake\AppData\Roaming\npm\node_modules\firebase-tools\lib\bin\firebase.js deploy
[debug] [2019-10-10T12:49:27.629Z] CLI Version:   7.5.0
[debug] [2019-10-10T12:49:27.629Z] Platform:      win32
[debug] [2019-10-10T12:49:27.629Z] Node Version:  v10.15.3
[debug] [2019-10-10T12:49:27.630Z] Time:          Thu Oct 10 2019 15:49:27 GMT+0300 (East Africa Time)
[debug] [2019-10-10T12:49:27.630Z] ----------------------------------------------------------------------
[debug] 
[debug] [2019-10-10T12:49:27.638Z] > command requires scopes: ["email","openid","https://www.googleapis.com/auth/cloudplatformprojects.readonly","https://www.googleapis.com/auth/firebase","https://www.googleapis.com/auth/cloud-platform"]
[debug] [2019-10-10T12:49:27.638Z] > authorizing via signed-in user
[debug] [2019-10-10T12:49:27.638Z] [iam] checking project gdg-addis-platform for permissions ["firebase.projects.get","firebasehosting.sites.update"]
[debug] [2019-10-10T12:49:27.639Z] >>> HTTP REQUEST POST https://cloudresourcemanager.googleapis.com/v1/projects/gdg-addis-platform:testIamPermissions  

[debug] [2019-10-10T12:49:29.527Z] <<< HTTP RESPONSE 200
[debug] [2019-10-10T12:49:29.529Z] >>> HTTP REQUEST GET https://firebase.googleapis.com/v1beta1/projects/gdg-addis-platform  
 
[debug] [2019-10-10T12:49:30.365Z] <<< HTTP RESPONSE 200
[info] 
[info] === Deploying to 'gdg-addis-platform'...
[info] 
[info] i  deploying hosting
[debug] [2019-10-10T12:49:30.369Z] >>> HTTP REQUEST POST https://firebasehosting.googleapis.com/v1beta1/sites/gdg-addis-platform/versions  

[debug] [2019-10-10T12:49:32.395Z] Error: connect ECONNREFUSED 172.217.18.138:443
    at TCPConnectWrap.afterConnect [as oncomplete] (net.js:1097:14)
[error] 
[error] Error: Server Error. connect ECONNREFUSED 172.217.18.138:443
[debug] [2019-10-10T12:49:35.139Z] ----------------------------------------------------------------------
[debug] [2019-10-10T12:49:35.141Z] Command:       C:\Program Files\nodejs\node.exe C:\Users\melake\AppData\Roaming\npm\node_modules\firebase-tools\lib\bin\firebase.js deploy
[debug] [2019-10-10T12:49:35.141Z] CLI Version:   7.5.0
[debug] [2019-10-10T12:49:35.141Z] Platform:      win32
[debug] [2019-10-10T12:49:35.141Z] Node Version:  v10.15.3
[debug] [2019-10-10T12:49:35.142Z] Time:          Thu Oct 10 2019 15:49:35 GMT+0300 (East Africa Time)
[debug] [2019-10-10T12:49:35.142Z] ----------------------------------------------------------------------
[debug] 
[debug] [2019-10-10T12:49:35.148Z] > command requires scopes: ["email","openid","https://www.googleapis.com/auth/cloudplatformprojects.readonly","https://www.googleapis.com/auth/firebase","https://www.googleapis.com/auth/cloud-platform"]
[debug] [2019-10-10T12:49:35.148Z] > authorizing via signed-in user
[debug] [2019-10-10T12:49:35.148Z] [iam] checking project gdg-addis-platform for permissions ["firebase.projects.get","firebasehosting.sites.update"]
[debug] [2019-10-10T12:49:35.149Z] >>> HTTP REQUEST POST https://cloudresourcemanager.googleapis.com/v1/projects/gdg-addis-platform:testIamPermissions  

[debug] [2019-10-10T12:49:37.192Z] Error: connect ECONNREFUSED 216.58.210.74:443
    at TCPConnectWrap.afterConnect [as oncomplete] (net.js:1097:14)
[error] 
[error] Error: Server Error. connect ECONNREFUSED 216.58.210.74:443
[debug] [2019-10-10T12:50:12.468Z] ----------------------------------------------------------------------
[debug] [2019-10-10T12:50:12.469Z] Command:       C:\Program Files\nodejs\node.exe C:\Users\melake\AppData\Roaming\npm\node_modules\firebase-tools\lib\bin\firebase.js deploy
[debug] [2019-10-10T12:50:12.470Z] CLI Version:   7.5.0
[debug] [2019-10-10T12:50:12.470Z] Platform:      win32
[debug] [2019-10-10T12:50:12.470Z] Node Version:  v10.15.3
[debug] [2019-10-10T12:50:12.470Z] Time:          Thu Oct 10 2019 15:50:12 GMT+0300 (East Africa Time)
[debug] [2019-10-10T12:50:12.470Z] ----------------------------------------------------------------------
[debug] 
[debug] [2019-10-10T12:50:12.476Z] > command requires scopes: ["email","openid","https://www.googleapis.com/auth/cloudplatformprojects.readonly","https://www.googleapis.com/auth/firebase","https://www.googleapis.com/auth/cloud-platform"]
[debug] [2019-10-10T12:50:12.476Z] > authorizing via signed-in user
[debug] [2019-10-10T12:50:12.476Z] [iam] checking project gdg-addis-platform for permissions ["firebase.projects.get","firebasehosting.sites.update"]
[debug] [2019-10-10T12:50:12.477Z] >>> HTTP REQUEST POST https://cloudresourcemanager.googleapis.com/v1/projects/gdg-addis-platform:testIamPermissions  

[debug] [2019-10-10T12:50:14.513Z] Error: connect ECONNREFUSED 216.58.210.74:443
    at TCPConnectWrap.afterConnect [as oncomplete] (net.js:1097:14)
[error] 
[error] Error: Server Error. connect ECONNREFUSED 216.58.210.74:443
[debug] [2019-10-10T12:50:17.005Z] ----------------------------------------------------------------------
[debug] [2019-10-10T12:50:17.007Z] Command:       C:\Program Files\nodejs\node.exe C:\Users\melake\AppData\Roaming\npm\node_modules\firebase-tools\lib\bin\firebase.js deploy
[debug] [2019-10-10T12:50:17.007Z] CLI Version:   7.5.0
[debug] [2019-10-10T12:50:17.007Z] Platform:      win32
[debug] [2019-10-10T12:50:17.007Z] Node Version:  v10.15.3
[debug] [2019-10-10T12:50:17.008Z] Time:          Thu Oct 10 2019 15:50:17 GMT+0300 (East Africa Time)
[debug] [2019-10-10T12:50:17.008Z] ----------------------------------------------------------------------
[debug] 
[debug] [2019-10-10T12:50:17.016Z] > command requires scopes: ["email","openid","https://www.googleapis.com/auth/cloudplatformprojects.readonly","https://www.googleapis.com/auth/firebase","https://www.googleapis.com/auth/cloud-platform"]
[debug] [2019-10-10T12:50:17.016Z] > authorizing via signed-in user
[debug] [2019-10-10T12:50:17.016Z] [iam] checking project gdg-addis-platform for permissions ["firebase.projects.get","firebasehosting.sites.update"]
[debug] [2019-10-10T12:50:17.018Z] >>> HTTP REQUEST POST https://cloudresourcemanager.googleapis.com/v1/projects/gdg-addis-platform:testIamPermissions  

[debug] [2019-10-10T12:50:19.063Z] Error: connect ECONNREFUSED 216.58.210.74:443
    at TCPConnectWrap.afterConnect [as oncomplete] (net.js:1097:14)
[error] 
[error] Error: Server Error. connect ECONNREFUSED 216.58.210.74:443
